<?xml version="1.0" encoding="UTF-8"?>
<coverage generated="1541777477016" clover="3.2.0">
  <project timestamp="1541777477016" name="All files">
    <metrics statements="312" coveredstatements="207" conditionals="84" coveredconditionals="42" methods="56" coveredmethods="32" elements="452" coveredelements="281" complexity="0" loc="312" ncloc="312" packages="6" files="11" classes="11">
      <package name="src">
        <metrics statements="36" coveredstatements="32" conditionals="6" coveredconditionals="4" methods="6" coveredmethods="4"/>
        <file name="Server.ts" path="/Users/akateiva/xlab/repos/asset-graph-api/src/Server.ts">
          <metrics statements="36" coveredstatements="32" conditionals="6" coveredconditionals="4" methods="6" coveredmethods="4"/>
          <line num="1" count="1" type="stmt"/>
          <line num="2" count="1" type="stmt"/>
          <line num="3" count="1" type="stmt"/>
          <line num="4" count="1" type="stmt"/>
          <line num="5" count="1" type="stmt"/>
          <line num="6" count="1" type="stmt"/>
          <line num="7" count="1" type="stmt"/>
          <line num="9" count="1" type="stmt"/>
          <line num="12" count="1" type="stmt"/>
          <line num="13" count="1" type="stmt"/>
          <line num="18" count="1" type="cond" truecount="1" falsecount="1"/>
          <line num="19" count="1" type="cond" truecount="2" falsecount="0"/>
          <line num="20" count="1" type="cond" truecount="1" falsecount="1"/>
          <line num="21" count="1" type="stmt"/>
          <line num="22" count="1" type="stmt"/>
          <line num="23" count="1" type="stmt"/>
          <line num="24" count="1" type="stmt"/>
          <line num="25" count="1" type="stmt"/>
          <line num="26" count="0" type="stmt"/>
          <line num="27" count="0" type="stmt"/>
          <line num="31" count="1" type="stmt"/>
          <line num="32" count="1" type="stmt"/>
          <line num="33" count="1" type="stmt"/>
          <line num="34" count="1" type="stmt"/>
          <line num="35" count="1" type="stmt"/>
          <line num="36" count="1" type="stmt"/>
          <line num="37" count="1" type="stmt"/>
          <line num="38" count="1" type="stmt"/>
          <line num="39" count="1" type="stmt"/>
          <line num="42" count="1" type="stmt"/>
          <line num="43" count="0" type="stmt"/>
          <line num="44" count="0" type="stmt"/>
          <line num="47" count="1" type="stmt"/>
          <line num="48" count="1" type="stmt"/>
          <line num="49" count="1" type="stmt"/>
          <line num="51" count="1" type="stmt"/>
        </file>
      </package>
      <package name="src.__tests__.__fixtures__">
        <metrics statements="2" coveredstatements="2" conditionals="0" coveredconditionals="0" methods="0" coveredmethods="0"/>
        <file name="EUR-LTL-USD-tickers.ts" path="/Users/akateiva/xlab/repos/asset-graph-api/src/__tests__/__fixtures__/EUR-LTL-USD-tickers.ts">
          <metrics statements="2" coveredstatements="2" conditionals="0" coveredconditionals="0" methods="0" coveredmethods="0"/>
          <line num="1" count="1" type="stmt"/>
          <line num="60" count="1" type="stmt"/>
        </file>
      </package>
      <package name="src.controllers">
        <metrics statements="106" coveredstatements="61" conditionals="28" coveredconditionals="13" methods="16" coveredmethods="6"/>
        <file name="AssetGraph.controller.ts" path="/Users/akateiva/xlab/repos/asset-graph-api/src/controllers/AssetGraph.controller.ts">
          <metrics statements="106" coveredstatements="61" conditionals="28" coveredconditionals="13" methods="16" coveredmethods="6"/>
          <line num="6" count="2" type="stmt"/>
          <line num="7" count="2" type="stmt"/>
          <line num="8" count="2" type="stmt"/>
          <line num="10" count="2" type="stmt"/>
          <line num="38" count="1" type="stmt"/>
          <line num="39" count="3" type="stmt"/>
          <line num="40" count="3" type="stmt"/>
          <line num="45" count="0" type="stmt"/>
          <line num="46" count="0" type="cond" truecount="0" falsecount="2"/>
          <line num="47" count="0" type="stmt"/>
          <line num="49" count="0" type="stmt"/>
          <line num="50" count="0" type="stmt"/>
          <line num="51" count="0" type="stmt"/>
          <line num="52" count="0" type="cond" truecount="0" falsecount="2"/>
          <line num="53" count="0" type="stmt"/>
          <line num="54" count="0" type="stmt"/>
          <line num="55" count="0" type="cond" truecount="0" falsecount="2"/>
          <line num="56" count="0" type="stmt"/>
          <line num="57" count="0" type="stmt"/>
          <line num="59" count="0" type="stmt"/>
          <line num="60" count="0" type="cond" truecount="0" falsecount="2"/>
          <line num="61" count="0" type="stmt"/>
          <line num="63" count="0" type="stmt"/>
          <line num="65" count="0" type="stmt"/>
          <line num="68" count="3" type="stmt"/>
          <line num="69" count="1" type="stmt"/>
          <line num="70" count="3" type="stmt"/>
          <line num="79" count="3" type="stmt"/>
          <line num="80" count="3" type="stmt"/>
          <line num="81" count="3" type="stmt"/>
          <line num="88" count="1" type="stmt"/>
          <line num="92" count="2" type="stmt"/>
          <line num="93" count="1" type="stmt"/>
          <line num="94" count="1" type="stmt"/>
          <line num="95" count="1" type="stmt"/>
          <line num="96" count="1" type="stmt"/>
          <line num="97" count="1" type="stmt"/>
          <line num="102" count="1" type="cond" truecount="1" falsecount="1"/>
          <line num="103" count="0" type="stmt"/>
          <line num="105" count="1" type="stmt"/>
          <line num="108" count="1" type="cond" truecount="1" falsecount="1"/>
          <line num="109" count="0" type="stmt"/>
          <line num="112" count="1" type="stmt"/>
          <line num="113" count="1" type="stmt"/>
          <line num="114" count="1" type="stmt"/>
          <line num="115" count="0" type="stmt"/>
          <line num="118" count="1" type="stmt"/>
          <line num="119" count="3" type="stmt"/>
          <line num="120" count="9" type="stmt"/>
          <line num="121" count="9" type="cond" truecount="2" falsecount="0"/>
          <line num="122" count="5" type="stmt"/>
          <line num="124" count="10" type="stmt"/>
          <line num="125" count="10" type="stmt"/>
          <line num="126" count="10" type="cond" truecount="2" falsecount="0"/>
          <line num="127" count="6" type="stmt"/>
          <line num="129" count="4" type="cond" truecount="1" falsecount="1"/>
          <line num="130" count="0" type="stmt"/>
          <line num="132" count="4" type="stmt"/>
          <line num="133" count="4" type="cond" truecount="2" falsecount="0"/>
          <line num="134" count="1" type="stmt"/>
          <line num="140" count="1" type="stmt"/>
          <line num="141" count="1" type="stmt"/>
          <line num="142" count="1" type="stmt"/>
          <line num="147" count="0" type="cond" truecount="0" falsecount="2"/>
          <line num="149" count="0" type="stmt"/>
          <line num="152" count="0" type="stmt"/>
          <line num="153" count="0" type="stmt"/>
          <line num="158" count="2" type="stmt"/>
          <line num="159" count="4" type="stmt"/>
          <line num="160" count="4" type="stmt"/>
          <line num="161" count="4" type="stmt"/>
          <line num="162" count="4" type="stmt"/>
          <line num="163" count="4" type="stmt"/>
          <line num="164" count="4" type="stmt"/>
          <line num="165" count="4" type="stmt"/>
          <line num="166" count="4" type="cond" truecount="2" falsecount="0"/>
          <line num="167" count="1" type="stmt"/>
          <line num="168" count="1" type="stmt"/>
          <line num="170" count="3" type="stmt"/>
          <line num="171" count="3" type="stmt"/>
          <line num="172" count="3" type="stmt"/>
          <line num="173" count="3" type="stmt"/>
          <line num="175" count="1" type="stmt"/>
          <line num="177" count="4" type="cond" truecount="2" falsecount="0"/>
          <line num="179" count="4" type="stmt"/>
          <line num="183" count="0" type="stmt"/>
          <line num="184" count="0" type="stmt"/>
          <line num="185" count="0" type="stmt"/>
          <line num="187" count="0" type="stmt"/>
          <line num="191" count="0" type="stmt"/>
          <line num="192" count="0" type="stmt"/>
          <line num="194" count="0" type="stmt"/>
          <line num="195" count="0" type="stmt"/>
          <line num="197" count="0" type="stmt"/>
          <line num="199" count="0" type="stmt"/>
          <line num="206" count="2" type="stmt"/>
          <line num="208" count="0" type="stmt"/>
          <line num="209" count="0" type="cond" truecount="0" falsecount="2"/>
          <line num="210" count="0" type="stmt"/>
          <line num="213" count="0" type="stmt"/>
          <line num="214" count="0" type="stmt"/>
          <line num="215" count="0" type="stmt"/>
          <line num="216" count="0" type="stmt"/>
          <line num="218" count="0" type="stmt"/>
          <line num="220" count="0" type="stmt"/>
          <line num="223" count="0" type="stmt"/>
        </file>
      </package>
      <package name="src.models">
        <metrics statements="40" coveredstatements="5" conditionals="16" coveredconditionals="0" methods="4" coveredmethods="0"/>
        <file name="Orderbook.ts" path="/Users/akateiva/xlab/repos/asset-graph-api/src/models/Orderbook.ts">
          <metrics statements="40" coveredstatements="5" conditionals="16" coveredconditionals="0" methods="4" coveredmethods="0"/>
          <line num="1" count="2" type="stmt"/>
          <line num="2" count="2" type="stmt"/>
          <line num="7" count="2" type="stmt"/>
          <line num="23" count="2" type="stmt"/>
          <line num="27" count="0" type="stmt"/>
          <line num="30" count="0" type="cond" truecount="0" falsecount="2"/>
          <line num="31" count="0" type="stmt"/>
          <line num="34" count="0" type="stmt"/>
          <line num="35" count="0" type="cond" truecount="0" falsecount="2"/>
          <line num="36" count="0" type="stmt"/>
          <line num="37" count="0" type="stmt"/>
          <line num="38" count="0" type="stmt"/>
          <line num="40" count="0" type="stmt"/>
          <line num="41" count="0" type="stmt"/>
          <line num="42" count="0" type="stmt"/>
          <line num="43" count="0" type="stmt"/>
          <line num="45" count="0" type="stmt"/>
          <line num="46" count="0" type="stmt"/>
          <line num="48" count="0" type="stmt"/>
          <line num="49" count="0" type="stmt"/>
          <line num="52" count="0" type="stmt"/>
          <line num="59" count="0" type="stmt"/>
          <line num="62" count="0" type="cond" truecount="0" falsecount="4"/>
          <line num="63" count="0" type="stmt"/>
          <line num="65" count="0" type="cond" truecount="0" falsecount="4"/>
          <line num="66" count="0" type="stmt"/>
          <line num="69" count="0" type="cond" truecount="0" falsecount="2"/>
          <line num="70" count="0" type="stmt"/>
          <line num="73" count="0" type="stmt"/>
          <line num="74" count="0" type="cond" truecount="0" falsecount="2"/>
          <line num="76" count="0" type="stmt"/>
          <line num="77" count="0" type="stmt"/>
          <line num="79" count="0" type="stmt"/>
          <line num="81" count="0" type="stmt"/>
          <line num="82" count="0" type="stmt"/>
          <line num="85" count="2" type="stmt"/>
          <line num="86" count="0" type="stmt"/>
          <line num="87" count="0" type="stmt"/>
          <line num="88" count="0" type="stmt"/>
          <line num="89" count="0" type="stmt"/>
        </file>
      </package>
      <package name="src.models.AssetGraph">
        <metrics statements="120" coveredstatements="99" conditionals="34" coveredconditionals="25" methods="30" coveredmethods="22"/>
        <file name="Edge.ts" path="/Users/akateiva/xlab/repos/asset-graph-api/src/models/AssetGraph/Edge.ts">
          <metrics statements="38" coveredstatements="26" conditionals="8" coveredconditionals="4" methods="9" coveredmethods="8"/>
          <line num="1" count="3" type="stmt"/>
          <line num="3" count="3" type="stmt"/>
          <line num="9" count="10" type="cond" truecount="2" falsecount="0"/>
          <line num="10" count="5" type="stmt"/>
          <line num="12" count="5" type="stmt"/>
          <line num="14" count="10" type="stmt"/>
          <line num="15" count="10" type="stmt"/>
          <line num="16" count="10" type="stmt"/>
          <line num="19" count="3" type="stmt"/>
          <line num="20" count="10" type="stmt"/>
          <line num="23" count="3" type="stmt"/>
          <line num="24" count="0" type="stmt"/>
          <line num="25" count="0" type="stmt"/>
          <line num="26" count="0" type="stmt"/>
          <line num="27" count="0" type="cond" truecount="0" falsecount="2"/>
          <line num="28" count="0" type="stmt"/>
          <line num="29" count="0" type="stmt"/>
          <line num="31" count="0" type="stmt"/>
          <line num="32" count="0" type="stmt"/>
          <line num="35" count="0" type="stmt"/>
          <line num="38" count="3" type="stmt"/>
          <line num="39" count="6" type="stmt"/>
          <line num="40" count="6" type="cond" truecount="1" falsecount="1"/>
          <line num="41" count="6" type="stmt"/>
          <line num="42" count="6" type="stmt"/>
          <line num="44" count="0" type="stmt"/>
          <line num="45" count="0" type="stmt"/>
          <line num="46" count="0" type="stmt"/>
          <line num="50" count="18" type="stmt"/>
          <line num="51" count="18" type="stmt"/>
          <line num="52" count="22" type="stmt"/>
          <line num="56" count="3" type="stmt"/>
          <line num="57" count="2" type="stmt"/>
          <line num="58" count="2" type="cond" truecount="1" falsecount="1"/>
          <line num="59" count="2" type="stmt"/>
          <line num="62" count="3" type="stmt"/>
          <line num="63" count="24" type="stmt"/>
          <line num="65" count="3" type="stmt"/>
        </file>
        <file name="Graph.ts" path="/Users/akateiva/xlab/repos/asset-graph-api/src/models/AssetGraph/Graph.ts">
          <metrics statements="32" coveredstatements="30" conditionals="12" coveredconditionals="11" methods="7" coveredmethods="5"/>
          <line num="1" count="3" type="stmt"/>
          <line num="12" count="3" type="stmt"/>
          <line num="13" count="3" type="stmt"/>
          <line num="14" count="3" type="stmt"/>
          <line num="16" count="14" type="cond" truecount="2" falsecount="0"/>
          <line num="17" count="13" type="stmt"/>
          <line num="18" count="13" type="cond" truecount="4" falsecount="0"/>
          <line num="19" count="6" type="stmt"/>
          <line num="20" count="6" type="stmt"/>
          <line num="21" count="6" type="stmt"/>
          <line num="23" count="13" type="stmt"/>
          <line num="26" count="3" type="stmt"/>
          <line num="27" count="8" type="stmt"/>
          <line num="30" count="6" type="cond" truecount="1" falsecount="1"/>
          <line num="31" count="6" type="stmt"/>
          <line num="32" count="6" type="cond" truecount="4" falsecount="0"/>
          <line num="33" count="5" type="stmt"/>
          <line num="34" count="5" type="stmt"/>
          <line num="35" count="5" type="stmt"/>
          <line num="36" count="5" type="stmt"/>
          <line num="37" count="5" type="stmt"/>
          <line num="39" count="6" type="stmt"/>
          <line num="42" count="3" type="stmt"/>
          <line num="43" count="0" type="stmt"/>
          <line num="46" count="3" type="stmt"/>
          <line num="47" count="0" type="stmt"/>
          <line num="50" count="3" type="stmt"/>
          <line num="52" count="6" type="stmt"/>
          <line num="55" count="6" type="stmt"/>
          <line num="59" count="6" type="stmt"/>
          <line num="60" count="6" type="stmt"/>
          <line num="71" count="3" type="stmt"/>
        </file>
        <file name="Transition.ts" path="/Users/akateiva/xlab/repos/asset-graph-api/src/models/AssetGraph/Transition.ts">
          <metrics statements="14" coveredstatements="13" conditionals="12" coveredconditionals="9" methods="4" coveredmethods="4"/>
          <line num="3" count="3" type="stmt"/>
          <line num="5" count="24" type="stmt"/>
          <line num="6" count="24" type="cond" truecount="2" falsecount="0"/>
          <line num="10" count="3" type="stmt"/>
          <line num="11" count="19" type="cond" truecount="2" falsecount="0"/>
          <line num="13" count="10" type="cond" truecount="1" falsecount="1"/>
          <line num="14" count="9" type="cond" truecount="1" falsecount="1"/>
          <line num="16" count="9" type="cond" truecount="1" falsecount="1"/>
          <line num="18" count="0" type="stmt"/>
          <line num="22" count="3" type="stmt"/>
          <line num="23" count="5" type="cond" truecount="2" falsecount="0"/>
          <line num="24" count="2" type="stmt"/>
          <line num="26" count="3" type="stmt"/>
          <line num="29" count="3" type="stmt"/>
        </file>
        <file name="Vertex.ts" path="/Users/akateiva/xlab/repos/asset-graph-api/src/models/AssetGraph/Vertex.ts">
          <metrics statements="11" coveredstatements="10" conditionals="0" coveredconditionals="0" methods="5" coveredmethods="3"/>
          <line num="3" count="3" type="stmt"/>
          <line num="5" count="6" type="stmt"/>
          <line num="8" count="6" type="stmt"/>
          <line num="11" count="3" type="stmt"/>
          <line num="12" count="0" type="stmt"/>
          <line num="15" count="3" type="stmt"/>
          <line num="16" count="8" type="stmt"/>
          <line num="17" count="18" type="stmt"/>
          <line num="18" count="18" type="stmt"/>
          <line num="20" count="8" type="stmt"/>
          <line num="40" count="3" type="stmt"/>
        </file>
        <file name="index.ts" path="/Users/akateiva/xlab/repos/asset-graph-api/src/models/AssetGraph/index.ts">
          <metrics statements="25" coveredstatements="20" conditionals="2" coveredconditionals="1" methods="5" coveredmethods="2"/>
          <line num="4" count="3" type="stmt"/>
          <line num="5" count="3" type="stmt"/>
          <line num="6" count="3" type="stmt"/>
          <line num="7" count="3" type="stmt"/>
          <line num="8" count="3" type="stmt"/>
          <line num="54" count="3" type="stmt"/>
          <line num="55" count="3" type="stmt"/>
          <line num="57" count="1" type="stmt"/>
          <line num="58" count="1" type="stmt"/>
          <line num="59" count="1" type="stmt"/>
          <line num="60" count="1" type="stmt"/>
          <line num="93" count="5" type="stmt"/>
          <line num="96" count="1" type="cond" truecount="1" falsecount="1"/>
          <line num="98" count="0" type="stmt"/>
          <line num="99" count="0" type="stmt"/>
          <line num="105" count="0" type="stmt"/>
          <line num="108" count="0" type="stmt"/>
          <line num="111" count="0" type="stmt"/>
          <line num="114" count="1" type="stmt"/>
          <line num="117" count="3" type="stmt"/>
          <line num="122" count="3" type="stmt"/>
          <line num="123" count="3" type="stmt"/>
          <line num="124" count="3" type="stmt"/>
          <line num="125" count="3" type="stmt"/>
          <line num="126" count="3" type="stmt"/>
        </file>
      </package>
      <package name="src.util">
        <metrics statements="8" coveredstatements="8" conditionals="0" coveredconditionals="0" methods="0" coveredmethods="0"/>
        <file name="config.ts" path="/Users/akateiva/xlab/repos/asset-graph-api/src/util/config.ts">
          <metrics statements="4" coveredstatements="4" conditionals="0" coveredconditionals="0" methods="0" coveredmethods="0"/>
          <line num="2" count="3" type="stmt"/>
          <line num="4" count="3" type="stmt"/>
          <line num="6" count="3" type="stmt"/>
          <line num="11" count="3" type="stmt"/>
        </file>
        <file name="logger.ts" path="/Users/akateiva/xlab/repos/asset-graph-api/src/util/logger.ts">
          <metrics statements="4" coveredstatements="4" conditionals="0" coveredconditionals="0" methods="0" coveredmethods="0"/>
          <line num="1" count="3" type="stmt"/>
          <line num="2" count="3" type="stmt"/>
          <line num="4" count="3" type="stmt"/>
          <line num="9" count="3" type="stmt"/>
        </file>
      </package>
    </metrics>
  </project>
</coverage>
