{"/Users/akateiva/xlab/repos/asset-graph-api/src/Server.ts": {"path":"/Users/akateiva/xlab/repos/asset-graph-api/src/Server.ts","statementMap":{"0":{"start":{"line":1,"column":0},"end":{"line":1,"column":29}},"1":{"start":{"line":2,"column":0},"end":{"line":2,"column":51}},"2":{"start":{"line":3,"column":0},"end":{"line":3,"column":23}},"3":{"start":{"line":4,"column":0},"end":{"line":4,"column":32}},"4":{"start":{"line":5,"column":0},"end":{"line":5,"column":75}},"5":{"start":{"line":6,"column":0},"end":{"line":6,"column":54}},"6":{"start":{"line":7,"column":0},"end":{"line":7,"column":34}},"7":{"start":{"line":9,"column":0},"end":{"line":51,"column":0}},"8":{"start":{"line":18,"column":14},"end":{"line":18,"column":72}},"9":{"start":{"line":12,"column":9},"end":{"line":12,"column":48}},"10":{"start":{"line":13,"column":10},"end":{"line":13,"column":51}},"11":{"start":{"line":19,"column":4},"end":{"line":19,"column":57}},"12":{"start":{"line":20,"column":4},"end":{"line":20,"column":62}},"13":{"start":{"line":21,"column":4},"end":{"line":21,"column":25}},"14":{"start":{"line":22,"column":4},"end":{"line":22,"column":22}},"15":{"start":{"line":23,"column":4},"end":{"line":23,"column":47}},"16":{"start":{"line":24,"column":4},"end":{"line":24,"column":23}},"17":{"start":{"line":25,"column":4},"end":{"line":28,"column":7}},"18":{"start":{"line":26,"column":6},"end":{"line":26,"column":55}},"19":{"start":{"line":27,"column":6},"end":{"line":27,"column":47}},"20":{"start":{"line":31,"column":15},"end":{"line":40,"column":3}},"21":{"start":{"line":32,"column":4},"end":{"line":32,"column":51}},"22":{"start":{"line":33,"column":4},"end":{"line":33,"column":8}},"23":{"start":{"line":33,"column":23},"end":{"line":33,"column":88}},"24":{"start":{"line":33,"column":4},"end":{"line":33,"column":89}},"25":{"start":{"line":34,"column":4},"end":{"line":34,"column":111}},"26":{"start":{"line":35,"column":4},"end":{"line":35,"column":8}},"27":{"start":{"line":35,"column":24},"end":{"line":35,"column":99}},"28":{"start":{"line":35,"column":4},"end":{"line":35,"column":100}},"29":{"start":{"line":36,"column":4},"end":{"line":36,"column":67}},"30":{"start":{"line":37,"column":4},"end":{"line":37,"column":8}},"31":{"start":{"line":37,"column":22},"end":{"line":37,"column":49}},"32":{"start":{"line":37,"column":4},"end":{"line":37,"column":50}},"33":{"start":{"line":38,"column":4},"end":{"line":38,"column":72}},"34":{"start":{"line":39,"column":4},"end":{"line":39,"column":27}},"35":{"start":{"line":42,"column":15},"end":{"line":45,"column":3}},"36":{"start":{"line":43,"column":8},"end":{"line":43,"column":25}},"37":{"start":{"line":43,"column":29},"end":{"line":43,"column":61}},"38":{"start":{"line":43,"column":29},"end":{"line":43,"column":62}},"39":{"start":{"line":44,"column":8},"end":{"line":44,"column":24}},"40":{"start":{"line":44,"column":28},"end":{"line":44,"column":58}},"41":{"start":{"line":44,"column":28},"end":{"line":44,"column":59}},"42":{"start":{"line":47,"column":10},"end":{"line":50,"column":3}},"43":{"start":{"line":48,"column":4},"end":{"line":48,"column":79}},"44":{"start":{"line":49,"column":4},"end":{"line":49,"column":68}},"45":{"start":{"line":51,"column":0},"end":{"line":51,"column":1}}},"fnMap":{"0":{"name":"(anonymous_14)","decl":{"start":{"line":9,"column":0},"end":{"line":null,"column":-1}},"loc":{"start":{"line":9,"column":0},"end":{"line":9,"column":-1}}},"1":{"name":"Server","decl":{"start":{"line":18,"column":2},"end":{"line":18,"column":13}},"loc":{"start":{"line":18,"column":72},"end":{"line":29,"column":3}}},"2":{"name":"(anonymous_16)","decl":{"start":{"line":25,"column":17},"end":{"line":25,"column":17}},"loc":{"start":{"line":25,"column":101},"end":{"line":28,"column":5}}},"3":{"name":"(anonymous_17)","decl":{"start":{"line":31,"column":2},"end":{"line":31,"column":21}},"loc":{"start":{"line":31,"column":34},"end":{"line":40,"column":3}}},"4":{"name":"(anonymous_20)","decl":{"start":{"line":42,"column":2},"end":{"line":null,"column":-1}},"loc":{"start":{"line":42,"column":2},"end":{"line":45,"column":3}}},"5":{"name":"(anonymous_23)","decl":{"start":{"line":47,"column":2},"end":{"line":null,"column":-1}},"loc":{"start":{"line":47,"column":2},"end":{"line":50,"column":3}}}},"branchMap":{"0":{"loc":{"start":{"line":18,"column":14},"end":{"line":18,"column":72}},"type":"if","locations":[{"start":{"line":18,"column":14},"end":{"line":18,"column":72}},{"start":{"line":18,"column":14},"end":{"line":18,"column":72}}]},"1":{"loc":{"start":{"line":19,"column":27},"end":{"line":19,"column":47}},"type":"binary-expr","locations":[{"start":{"line":19,"column":27},"end":{"line":19,"column":47}},{"start":{"line":19,"column":51},"end":{"line":19,"column":56}}]},"2":{"loc":{"start":{"line":20,"column":20},"end":{"line":20,"column":34}},"type":"binary-expr","locations":[{"start":{"line":20,"column":20},"end":{"line":20,"column":34}},{"start":{"line":20,"column":38},"end":{"line":20,"column":61}}]}},"s":{"0":1,"1":1,"2":1,"3":1,"4":1,"5":1,"6":1,"7":1,"8":1,"9":1,"10":1,"11":1,"12":1,"13":1,"14":1,"15":1,"16":1,"17":1,"18":0,"19":0,"20":1,"21":1,"22":1,"23":1,"24":1,"25":1,"26":1,"27":1,"28":1,"29":1,"30":1,"31":1,"32":1,"33":1,"34":1,"35":1,"36":0,"37":0,"38":0,"39":0,"40":0,"41":0,"42":1,"43":1,"44":1,"45":1},"f":{"0":1,"1":1,"2":0,"3":1,"4":0,"5":1},"b":{"0":[0,1],"1":[1,1],"2":[1,0]}}
,"/Users/akateiva/xlab/repos/asset-graph-api/src/__tests__/__fixtures__/EUR-LTL-USD-tickers.ts": {"path":"/Users/akateiva/xlab/repos/asset-graph-api/src/__tests__/__fixtures__/EUR-LTL-USD-tickers.ts","statementMap":{"0":{"start":{"line":1,"column":15},"end":{"line":58,"column":1}},"1":{"start":{"line":60,"column":0},"end":{"line":60,"column":24}}},"fnMap":{},"branchMap":{},"s":{"0":1,"1":1},"f":{},"b":{}}
,"/Users/akateiva/xlab/repos/asset-graph-api/src/controllers/AssetGraph.controller.ts": {"path":"/Users/akateiva/xlab/repos/asset-graph-api/src/controllers/AssetGraph.controller.ts","statementMap":{"0":{"start":{"line":6,"column":0},"end":{"line":6,"column":50}},"1":{"start":{"line":7,"column":0},"end":{"line":7,"column":48}},"2":{"start":{"line":8,"column":0},"end":{"line":8,"column":35}},"3":{"start":{"line":10,"column":15},"end":{"line":12,"column":2}},"4":{"start":{"line":38,"column":2},"end":{"line":41,"column":22}},"5":{"start":{"line":39,"column":4},"end":{"line":39,"column":93}},"6":{"start":{"line":40,"column":4},"end":{"line":40,"column":28}},"7":{"start":{"line":45,"column":23},"end":{"line":45,"column":36}},"8":{"start":{"line":46,"column":2},"end":{"line":48,"column":3}},"9":{"start":{"line":47,"column":4},"end":{"line":47,"column":69}},"10":{"start":{"line":49,"column":48},"end":{"line":49,"column":50}},"11":{"start":{"line":50,"column":2},"end":{"line":64,"column":3}},"12":{"start":{"line":51,"column":28},"end":{"line":51,"column":43}},"13":{"start":{"line":52,"column":27},"end":{"line":52,"column":65}},"14":{"start":{"line":53,"column":21},"end":{"line":53,"column":40}},"15":{"start":{"line":54,"column":17},"end":{"line":54,"column":83}},"16":{"start":{"line":55,"column":4},"end":{"line":58,"column":5}},"17":{"start":{"line":56,"column":6},"end":{"line":56,"column":88}},"18":{"start":{"line":57,"column":6},"end":{"line":57,"column":45}},"19":{"start":{"line":59,"column":23},"end":{"line":59,"column":61}},"20":{"start":{"line":60,"column":4},"end":{"line":62,"column":5}},"21":{"start":{"line":61,"column":6},"end":{"line":61,"column":108}},"22":{"start":{"line":63,"column":4},"end":{"line":63,"column":33}},"23":{"start":{"line":65,"column":2},"end":{"line":65,"column":21}},"24":{"start":{"line":68,"column":19},"end":{"line":68,"column":58}},"25":{"start":{"line":68,"column":19},"end":{"line":68,"column":59}},"26":{"start":{"line":69,"column":42},"end":{"line":86,"column":4}},"27":{"start":{"line":70,"column":18},"end":{"line":78,"column":5}},"28":{"start":{"line":79,"column":4},"end":{"line":79,"column":30}},"29":{"start":{"line":80,"column":4},"end":{"line":80,"column":42}},"30":{"start":{"line":81,"column":4},"end":{"line":81,"column":18}},"31":{"start":{"line":88,"column":2},"end":{"line":88,"column":15}},"32":{"start":{"line":93,"column":18},"end":{"line":93,"column":28}},"33":{"start":{"line":94,"column":20},"end":{"line":94,"column":40}},"34":{"start":{"line":95,"column":20},"end":{"line":95,"column":23}},"35":{"start":{"line":96,"column":30},"end":{"line":96,"column":34}},"36":{"start":{"line":97,"column":48},"end":{"line":101,"column":3}},"37":{"start":{"line":102,"column":2},"end":{"line":104,"column":3}},"38":{"start":{"line":103,"column":4},"end":{"line":103,"column":46}},"39":{"start":{"line":105,"column":21},"end":{"line":107,"column":4}},"40":{"start":{"line":108,"column":2},"end":{"line":110,"column":3}},"41":{"start":{"line":109,"column":4},"end":{"line":109,"column":50}},"42":{"start":{"line":112,"column":29},"end":{"line":112,"column":30}},"43":{"start":{"line":113,"column":22},"end":{"line":113,"column":27}},"44":{"start":{"line":114,"column":18},"end":{"line":116,"column":15}},"45":{"start":{"line":115,"column":4},"end":{"line":115,"column":25}},"46":{"start":{"line":118,"column":2},"end":{"line":138,"column":5}},"47":{"start":{"line":119,"column":4},"end":{"line":138,"column":5}},"48":{"start":{"line":119,"column":35},"end":{"line":119,"column":34}},"49":{"start":{"line":120,"column":6},"end":{"line":137,"column":7}},"50":{"start":{"line":120,"column":38},"end":{"line":120,"column":37}},"51":{"start":{"line":121,"column":8},"end":{"line":123,"column":9}},"52":{"start":{"line":122,"column":10},"end":{"line":122,"column":19}},"53":{"start":{"line":124,"column":8},"end":{"line":136,"column":9}},"54":{"start":{"line":124,"column":39},"end":{"line":124,"column":38}},"55":{"start":{"line":125,"column":10},"end":{"line":125,"column":33}},"56":{"start":{"line":126,"column":10},"end":{"line":128,"column":11}},"57":{"start":{"line":127,"column":12},"end":{"line":127,"column":21}},"58":{"start":{"line":129,"column":10},"end":{"line":131,"column":11}},"59":{"start":{"line":130,"column":12},"end":{"line":130,"column":33}},"60":{"start":{"line":132,"column":23},"end":{"line":132,"column":117}},"61":{"start":{"line":133,"column":10},"end":{"line":135,"column":11}},"62":{"start":{"line":134,"column":12},"end":{"line":134,"column":109}},"63":{"start":{"line":140,"column":2},"end":{"line":140,"column":57}},"64":{"start":{"line":141,"column":2},"end":{"line":141,"column":39}},"65":{"start":{"line":142,"column":2},"end":{"line":142,"column":19}},"66":{"start":{"line":92,"column":0},"end":{"line":143,"column":1}},"67":{"start":{"line":147,"column":2},"end":{"line":155,"column":3}},"68":{"start":{"line":149,"column":4},"end":{"line":149,"column":26}},"69":{"start":{"line":152,"column":4},"end":{"line":154,"column":7}},"70":{"start":{"line":152,"column":31},"end":{"line":152,"column":46}},"71":{"start":{"line":152,"column":32},"end":{"line":152,"column":37}},"72":{"start":{"line":152,"column":39},"end":{"line":152,"column":45}},"73":{"start":{"line":153,"column":6},"end":{"line":153,"column":61}},"74":{"start":{"line":159,"column":13},"end":{"line":159,"column":14}},"75":{"start":{"line":160,"column":16},"end":{"line":160,"column":17}},"76":{"start":{"line":161,"column":2},"end":{"line":161,"column":40}},"77":{"start":{"line":162,"column":2},"end":{"line":176,"column":3}},"78":{"start":{"line":162,"column":18},"end":{"line":162,"column":17}},"79":{"start":{"line":163,"column":24},"end":{"line":163,"column":32}},"80":{"start":{"line":164,"column":23},"end":{"line":164,"column":31}},"81":{"start":{"line":165,"column":19},"end":{"line":165,"column":36}},"82":{"start":{"line":166,"column":4},"end":{"line":174,"column":5}},"83":{"start":{"line":167,"column":6},"end":{"line":167,"column":42}},"84":{"start":{"line":168,"column":6},"end":{"line":168,"column":26}},"85":{"start":{"line":170,"column":6},"end":{"line":170,"column":37}},"86":{"start":{"line":171,"column":6},"end":{"line":171,"column":21}},"87":{"start":{"line":172,"column":6},"end":{"line":172,"column":64}},"88":{"start":{"line":173,"column":6},"end":{"line":173,"column":12}},"89":{"start":{"line":175,"column":4},"end":{"line":175,"column":110}},"90":{"start":{"line":177,"column":2},"end":{"line":177,"column":45}},"91":{"start":{"line":177,"column":29},"end":{"line":177,"column":43}},"92":{"start":{"line":179,"column":2},"end":{"line":179,"column":17}},"93":{"start":{"line":158,"column":0},"end":{"line":180,"column":1}},"94":{"start":{"line":183,"column":23},"end":{"line":186,"column":16}},"95":{"start":{"line":184,"column":30},"end":{"line":184,"column":94}},"96":{"start":{"line":185,"column":4},"end":{"line":185,"column":29}},"97":{"start":{"line":187,"column":2},"end":{"line":187,"column":22}},"98":{"start":{"line":191,"column":22},"end":{"line":191,"column":49}},"99":{"start":{"line":192,"column":2},"end":{"line":203,"column":5}},"100":{"start":{"line":194,"column":4},"end":{"line":198,"column":5}},"101":{"start":{"line":195,"column":6},"end":{"line":195,"column":67}},"102":{"start":{"line":197,"column":6},"end":{"line":197,"column":20}},"103":{"start":{"line":199,"column":4},"end":{"line":202,"column":6}},"104":{"start":{"line":208,"column":10},"end":{"line":208,"column":39}},"105":{"start":{"line":209,"column":4},"end":{"line":211,"column":5}},"106":{"start":{"line":210,"column":6},"end":{"line":210,"column":46}},"107":{"start":{"line":213,"column":10},"end":{"line":213,"column":50}},"108":{"start":{"line":214,"column":23},"end":{"line":214,"column":94}},"109":{"start":{"line":214,"column":10},"end":{"line":214,"column":94}},"110":{"start":{"line":215,"column":10},"end":{"line":217,"column":7}},"111":{"start":{"line":215,"column":41},"end":{"line":215,"column":62}},"112":{"start":{"line":215,"column":42},"end":{"line":215,"column":51}},"113":{"start":{"line":215,"column":53},"end":{"line":215,"column":61}},"114":{"start":{"line":216,"column":6},"end":{"line":216,"column":68}},"115":{"start":{"line":218,"column":10},"end":{"line":218,"column":67}},"116":{"start":{"line":220,"column":4},"end":{"line":220,"column":62}},"117":{"start":{"line":223,"column":4},"end":{"line":223,"column":12}},"118":{"start":{"line":206,"column":0},"end":{"line":225,"column":1}}},"fnMap":{"0":{"name":"serializeCycle","decl":{"start":{"line":37,"column":9},"end":{"line":37,"column":23}},"loc":{"start":{"line":37,"column":61},"end":{"line":42,"column":1}}},"1":{"name":"(anonymous_18)","decl":{"start":{"line":38,"column":28},"end":{"line":38,"column":28}},"loc":{"start":{"line":38,"column":57},"end":{"line":41,"column":3}}},"2":{"name":"deserializeCycle","decl":{"start":{"line":44,"column":9},"end":{"line":44,"column":25}},"loc":{"start":{"line":44,"column":36},"end":{"line":66,"column":1}}},"3":{"name":"makeCycle","decl":{"start":{"line":68,"column":9},"end":{"line":68,"column":18}},"loc":{"start":{"line":68,"column":18},"end":{"line":89,"column":1}}},"4":{"name":"(anonymous_21)","decl":{"start":{"line":69,"column":61},"end":{"line":69,"column":61}},"loc":{"start":{"line":69,"column":80},"end":{"line":82,"column":3}}},"5":{"name":"findCycles","decl":{"start":{"line":92,"column":16},"end":{"line":92,"column":26}},"loc":{"start":{"line":92,"column":74},"end":{"line":143,"column":1}}},"6":{"name":"(anonymous_23)","decl":{"start":{"line":114,"column":29},"end":{"line":null,"column":-1}},"loc":{"start":{"line":114,"column":29},"end":{"line":116,"column":3}}},"7":{"name":"getOrdersInTransitionSellCurrency","decl":{"start":{"line":145,"column":9},"end":{"line":145,"column":42}},"loc":{"start":{"line":145,"column":99},"end":{"line":156,"column":1}}},"8":{"name":"(anonymous_25)","decl":{"start":{"line":152,"column":30},"end":{"line":152,"column":30}},"loc":{"start":{"line":152,"column":46},"end":{"line":154,"column":5}}},"9":{"name":"computeTransitionRevenue","decl":{"start":{"line":158,"column":16},"end":{"line":158,"column":40}},"loc":{"start":{"line":158,"column":95},"end":{"line":180,"column":1}}},"10":{"name":"computeTotalRevenue","decl":{"start":{"line":182,"column":9},"end":{"line":182,"column":28}},"loc":{"start":{"line":182,"column":103},"end":{"line":188,"column":1}}},"11":{"name":"(anonymous_28)","decl":{"start":{"line":183,"column":48},"end":{"line":183,"column":48}},"loc":{"start":{"line":183,"column":87},"end":{"line":186,"column":3}}},"12":{"name":"sampleEndownments","decl":{"start":{"line":190,"column":9},"end":{"line":190,"column":26}},"loc":{"start":{"line":190,"column":81},"end":{"line":204,"column":1}}},"13":{"name":"(anonymous_30)","decl":{"start":{"line":192,"column":25},"end":{"line":192,"column":25}},"loc":{"start":{"line":192,"column":36},"end":{"line":203,"column":3}}},"14":{"name":"getCycle","decl":{"start":{"line":206,"column":22},"end":{"line":206,"column":30}},"loc":{"start":{"line":206,"column":78},"end":{"line":225,"column":1}}},"15":{"name":"(anonymous_34)","decl":{"start":{"line":215,"column":40},"end":{"line":215,"column":40}},"loc":{"start":{"line":215,"column":69},"end":{"line":217,"column":5}}}},"branchMap":{"0":{"loc":{"start":{"line":46,"column":2},"end":{"line":48,"column":3}},"type":"if","locations":[{"start":{"line":46,"column":2},"end":{"line":48,"column":3}},{"start":{"line":46,"column":2},"end":{"line":48,"column":3}}]},"1":{"loc":{"start":{"line":52,"column":27},"end":{"line":52,"column":46}},"type":"binary-expr","locations":[{"start":{"line":52,"column":27},"end":{"line":52,"column":46}},{"start":{"line":52,"column":50},"end":{"line":52,"column":65}}]},"2":{"loc":{"start":{"line":55,"column":4},"end":{"line":58,"column":5}},"type":"if","locations":[{"start":{"line":55,"column":4},"end":{"line":58,"column":5}},{"start":{"line":55,"column":4},"end":{"line":58,"column":5}}]},"3":{"loc":{"start":{"line":60,"column":4},"end":{"line":62,"column":5}},"type":"if","locations":[{"start":{"line":60,"column":4},"end":{"line":62,"column":5}},{"start":{"line":60,"column":4},"end":{"line":62,"column":5}}]},"4":{"loc":{"start":{"line":102,"column":2},"end":{"line":104,"column":3}},"type":"if","locations":[{"start":{"line":102,"column":2},"end":{"line":104,"column":3}},{"start":{"line":102,"column":2},"end":{"line":104,"column":3}}]},"5":{"loc":{"start":{"line":108,"column":2},"end":{"line":110,"column":3}},"type":"if","locations":[{"start":{"line":108,"column":2},"end":{"line":110,"column":3}},{"start":{"line":108,"column":2},"end":{"line":110,"column":3}}]},"6":{"loc":{"start":{"line":121,"column":8},"end":{"line":123,"column":9}},"type":"if","locations":[{"start":{"line":121,"column":8},"end":{"line":123,"column":9}},{"start":{"line":121,"column":8},"end":{"line":123,"column":9}}]},"7":{"loc":{"start":{"line":126,"column":10},"end":{"line":128,"column":11}},"type":"if","locations":[{"start":{"line":126,"column":10},"end":{"line":128,"column":11}},{"start":{"line":126,"column":10},"end":{"line":128,"column":11}}]},"8":{"loc":{"start":{"line":129,"column":10},"end":{"line":131,"column":11}},"type":"if","locations":[{"start":{"line":129,"column":10},"end":{"line":131,"column":11}},{"start":{"line":129,"column":10},"end":{"line":131,"column":11}}]},"9":{"loc":{"start":{"line":133,"column":10},"end":{"line":135,"column":11}},"type":"if","locations":[{"start":{"line":133,"column":10},"end":{"line":135,"column":11}},{"start":{"line":133,"column":10},"end":{"line":135,"column":11}}]},"10":{"loc":{"start":{"line":147,"column":2},"end":{"line":155,"column":3}},"type":"if","locations":[{"start":{"line":147,"column":2},"end":{"line":155,"column":3}},{"start":{"line":147,"column":2},"end":{"line":155,"column":3}}]},"11":{"loc":{"start":{"line":166,"column":4},"end":{"line":174,"column":5}},"type":"if","locations":[{"start":{"line":166,"column":4},"end":{"line":174,"column":5}},{"start":{"line":166,"column":4},"end":{"line":174,"column":5}}]},"12":{"loc":{"start":{"line":177,"column":2},"end":{"line":177,"column":45}},"type":"if","locations":[{"start":{"line":177,"column":2},"end":{"line":177,"column":45}},{"start":{"line":177,"column":2},"end":{"line":177,"column":45}}]},"13":{"loc":{"start":{"line":209,"column":4},"end":{"line":211,"column":5}},"type":"if","locations":[{"start":{"line":209,"column":4},"end":{"line":211,"column":5}},{"start":{"line":209,"column":4},"end":{"line":211,"column":5}}]}},"s":{"0":2,"1":2,"2":2,"3":2,"4":1,"5":3,"6":3,"7":0,"8":0,"9":0,"10":0,"11":0,"12":0,"13":0,"14":0,"15":0,"16":0,"17":0,"18":0,"19":0,"20":0,"21":0,"22":0,"23":0,"24":1,"25":3,"26":1,"27":3,"28":3,"29":3,"30":3,"31":1,"32":1,"33":1,"34":1,"35":1,"36":1,"37":1,"38":0,"39":1,"40":1,"41":0,"42":1,"43":1,"44":1,"45":0,"46":1,"47":1,"48":3,"49":3,"50":9,"51":9,"52":5,"53":4,"54":10,"55":10,"56":10,"57":6,"58":4,"59":0,"60":4,"61":4,"62":1,"63":1,"64":1,"65":1,"66":2,"67":0,"68":0,"69":0,"70":0,"71":0,"72":0,"73":0,"74":4,"75":4,"76":4,"77":4,"78":4,"79":4,"80":4,"81":4,"82":4,"83":1,"84":1,"85":3,"86":3,"87":3,"88":3,"89":1,"90":4,"91":1,"92":4,"93":2,"94":0,"95":0,"96":0,"97":0,"98":0,"99":0,"100":0,"101":0,"102":0,"103":0,"104":0,"105":0,"106":0,"107":0,"108":0,"109":0,"110":0,"111":0,"112":0,"113":0,"114":0,"115":0,"116":0,"117":0,"118":2},"f":{"0":1,"1":3,"2":0,"3":1,"4":3,"5":1,"6":0,"7":0,"8":0,"9":4,"10":0,"11":0,"12":0,"13":0,"14":0,"15":0},"b":{"0":[0,0],"1":[0,0],"2":[0,0],"3":[0,0],"4":[0,1],"5":[0,1],"6":[5,4],"7":[6,4],"8":[0,4],"9":[1,3],"10":[0,0],"11":[1,3],"12":[1,3],"13":[0,0]}}
,"/Users/akateiva/xlab/repos/asset-graph-api/src/models/Orderbook.ts": {"path":"/Users/akateiva/xlab/repos/asset-graph-api/src/models/Orderbook.ts","statementMap":{"0":{"start":{"line":1,"column":0},"end":{"line":1,"column":23}},"1":{"start":{"line":2,"column":0},"end":{"line":2,"column":35}},"2":{"start":{"line":7,"column":12},"end":{"line":9,"column":2}},"3":{"start":{"line":23,"column":26},"end":{"line":24,"column":52}},"4":{"start":{"line":27,"column":6},"end":{"line":27,"column":66}},"5":{"start":{"line":30,"column":2},"end":{"line":32,"column":3}},"6":{"start":{"line":31,"column":4},"end":{"line":31,"column":30}},"7":{"start":{"line":34,"column":6},"end":{"line":34,"column":59}},"8":{"start":{"line":35,"column":2},"end":{"line":51,"column":3}},"9":{"start":{"line":36,"column":4},"end":{"line":50,"column":5}},"10":{"start":{"line":37,"column":6},"end":{"line":37,"column":110}},"11":{"start":{"line":38,"column":6},"end":{"line":44,"column":11}},"12":{"start":{"line":40,"column":14},"end":{"line":40,"column":71}},"13":{"start":{"line":41,"column":8},"end":{"line":41,"column":38}},"14":{"start":{"line":41,"column":8},"end":{"line":41,"column":39}},"15":{"start":{"line":42,"column":8},"end":{"line":42,"column":56}},"16":{"start":{"line":43,"column":8},"end":{"line":43,"column":26}},"17":{"start":{"line":45,"column":6},"end":{"line":45,"column":58}},"18":{"start":{"line":46,"column":6},"end":{"line":46,"column":87}},"19":{"start":{"line":48,"column":6},"end":{"line":48,"column":23}},"20":{"start":{"line":49,"column":6},"end":{"line":49,"column":86}},"21":{"start":{"line":52,"column":2},"end":{"line":52,"column":24}},"22":{"start":{"line":59,"column":6},"end":{"line":59,"column":79}},"23":{"start":{"line":59,"column":7},"end":{"line":59,"column":10}},"24":{"start":{"line":59,"column":12},"end":{"line":59,"column":79}},"25":{"start":{"line":62,"column":2},"end":{"line":64,"column":3}},"26":{"start":{"line":63,"column":4},"end":{"line":63,"column":17}},"27":{"start":{"line":65,"column":2},"end":{"line":67,"column":3}},"28":{"start":{"line":66,"column":4},"end":{"line":66,"column":18}},"29":{"start":{"line":69,"column":2},"end":{"line":80,"column":3}},"30":{"start":{"line":70,"column":4},"end":{"line":70,"column":28}},"31":{"start":{"line":73,"column":4},"end":{"line":73,"column":21}},"32":{"start":{"line":74,"column":9},"end":{"line":80,"column":3}},"33":{"start":{"line":76,"column":4},"end":{"line":76,"column":28}},"34":{"start":{"line":77,"column":4},"end":{"line":77,"column":21}},"35":{"start":{"line":79,"column":4},"end":{"line":79,"column":80}},"36":{"start":{"line":81,"column":2},"end":{"line":81,"column":77}},"37":{"start":{"line":82,"column":2},"end":{"line":82,"column":26}},"38":{"start":{"line":86,"column":25},"end":{"line":86,"column":73}},"39":{"start":{"line":86,"column":8},"end":{"line":86,"column":73}},"40":{"start":{"line":87,"column":8},"end":{"line":87,"column":100}},"41":{"start":{"line":88,"column":20},"end":{"line":88,"column":73}},"42":{"start":{"line":88,"column":8},"end":{"line":88,"column":73}},"43":{"start":{"line":89,"column":2},"end":{"line":89,"column":31}},"44":{"start":{"line":85,"column":0},"end":{"line":90,"column":1}}},"fnMap":{"0":{"name":"getExchangeModuleForTransition","decl":{"start":{"line":26,"column":15},"end":{"line":26,"column":45}},"loc":{"start":{"line":26,"column":69},"end":{"line":53,"column":1}}},"1":{"name":"(anonymous_17)","decl":{"start":{"line":38,"column":24},"end":{"line":null,"column":-1}},"loc":{"start":{"line":38,"column":24},"end":{"line":44,"column":7}}},"2":{"name":"getMarketPairSymbolForTransition","decl":{"start":{"line":55,"column":9},"end":{"line":55,"column":41}},"loc":{"start":{"line":56,"column":73},"end":{"line":83,"column":1}}},"3":{"name":"getOrderbookForTransition","decl":{"start":{"line":85,"column":22},"end":{"line":85,"column":47}},"loc":{"start":{"line":85,"column":71},"end":{"line":90,"column":1}}}},"branchMap":{"0":{"loc":{"start":{"line":30,"column":2},"end":{"line":32,"column":3}},"type":"if","locations":[{"start":{"line":30,"column":2},"end":{"line":32,"column":3}},{"start":{"line":30,"column":2},"end":{"line":32,"column":3}}]},"1":{"loc":{"start":{"line":35,"column":2},"end":{"line":51,"column":3}},"type":"if","locations":[{"start":{"line":35,"column":2},"end":{"line":51,"column":3}},{"start":{"line":35,"column":2},"end":{"line":51,"column":3}}]},"2":{"loc":{"start":{"line":62,"column":2},"end":{"line":64,"column":3}},"type":"if","locations":[{"start":{"line":62,"column":2},"end":{"line":64,"column":3}},{"start":{"line":62,"column":2},"end":{"line":64,"column":3}}]},"3":{"loc":{"start":{"line":62,"column":6},"end":{"line":62,"column":19}},"type":"binary-expr","locations":[{"start":{"line":62,"column":6},"end":{"line":62,"column":19}},{"start":{"line":62,"column":23},"end":{"line":62,"column":68}}]},"4":{"loc":{"start":{"line":65,"column":2},"end":{"line":67,"column":3}},"type":"if","locations":[{"start":{"line":65,"column":2},"end":{"line":67,"column":3}},{"start":{"line":65,"column":2},"end":{"line":67,"column":3}}]},"5":{"loc":{"start":{"line":65,"column":6},"end":{"line":65,"column":20}},"type":"binary-expr","locations":[{"start":{"line":65,"column":6},"end":{"line":65,"column":20}},{"start":{"line":65,"column":24},"end":{"line":65,"column":69}}]},"6":{"loc":{"start":{"line":69,"column":2},"end":{"line":80,"column":3}},"type":"if","locations":[{"start":{"line":69,"column":2},"end":{"line":80,"column":3}},{"start":{"line":69,"column":2},"end":{"line":80,"column":3}}]},"7":{"loc":{"start":{"line":74,"column":9},"end":{"line":80,"column":3}},"type":"if","locations":[{"start":{"line":74,"column":9},"end":{"line":80,"column":3}},{"start":{"line":74,"column":9},"end":{"line":80,"column":3}}]}},"s":{"0":2,"1":2,"2":2,"3":2,"4":0,"5":0,"6":0,"7":0,"8":0,"9":0,"10":0,"11":0,"12":0,"13":0,"14":0,"15":0,"16":0,"17":0,"18":0,"19":0,"20":0,"21":0,"22":0,"23":0,"24":0,"25":0,"26":0,"27":0,"28":0,"29":0,"30":0,"31":0,"32":0,"33":0,"34":0,"35":0,"36":0,"37":0,"38":0,"39":0,"40":0,"41":0,"42":0,"43":0,"44":2},"f":{"0":0,"1":0,"2":0,"3":0},"b":{"0":[0,0],"1":[0,0],"2":[0,0],"3":[0,0],"4":[0,0],"5":[0,0],"6":[0,0],"7":[0,0]}}
,"/Users/akateiva/xlab/repos/asset-graph-api/src/models/AssetGraph/Edge.ts": {"path":"/Users/akateiva/xlab/repos/asset-graph-api/src/models/AssetGraph/Edge.ts","statementMap":{"0":{"start":{"line":1,"column":0},"end":{"line":1,"column":93}},"1":{"start":{"line":3,"column":0},"end":{"line":65,"column":0}},"2":{"start":{"line":9,"column":4},"end":{"line":13,"column":5}},"3":{"start":{"line":10,"column":6},"end":{"line":10,"column":25}},"4":{"start":{"line":12,"column":6},"end":{"line":12,"column":55}},"5":{"start":{"line":14,"column":4},"end":{"line":14,"column":23}},"6":{"start":{"line":15,"column":4},"end":{"line":15,"column":19}},"7":{"start":{"line":16,"column":4},"end":{"line":16,"column":27}},"8":{"start":{"line":19,"column":9},"end":{"line":21,"column":3}},"9":{"start":{"line":20,"column":4},"end":{"line":20,"column":65}},"10":{"start":{"line":23,"column":9},"end":{"line":36,"column":3}},"11":{"start":{"line":24,"column":20},"end":{"line":24,"column":21}},"12":{"start":{"line":25,"column":22},"end":{"line":25,"column":23}},"13":{"start":{"line":26,"column":4},"end":{"line":34,"column":5}},"14":{"start":{"line":26,"column":25},"end":{"line":26,"column":24}},"15":{"start":{"line":27,"column":6},"end":{"line":33,"column":7}},"16":{"start":{"line":28,"column":8},"end":{"line":28,"column":66}},"17":{"start":{"line":29,"column":8},"end":{"line":29,"column":45}},"18":{"start":{"line":31,"column":8},"end":{"line":31,"column":72}},"19":{"start":{"line":32,"column":8},"end":{"line":32,"column":49}},"20":{"start":{"line":35,"column":4},"end":{"line":35,"column":35}},"21":{"start":{"line":38,"column":9},"end":{"line":48,"column":3}},"22":{"start":{"line":39,"column":15},"end":{"line":39,"column":47}},"23":{"start":{"line":40,"column":4},"end":{"line":47,"column":5}},"24":{"start":{"line":41,"column":6},"end":{"line":41,"column":21}},"25":{"start":{"line":42,"column":6},"end":{"line":42,"column":42}},"26":{"start":{"line":44,"column":6},"end":{"line":44,"column":41}},"27":{"start":{"line":45,"column":6},"end":{"line":45,"column":43}},"28":{"start":{"line":46,"column":6},"end":{"line":46,"column":31}},"29":{"start":{"line":50,"column":9},"end":{"line":54,"column":3}},"30":{"start":{"line":50,"column":2},"end":{"line":54,"column":2}},"31":{"start":{"line":51,"column":4},"end":{"line":53,"column":7}},"32":{"start":{"line":52,"column":6},"end":{"line":52,"column":45}},"33":{"start":{"line":56,"column":9},"end":{"line":60,"column":3}},"34":{"start":{"line":57,"column":23},"end":{"line":57,"column":47}},"35":{"start":{"line":58,"column":4},"end":{"line":58,"column":42}},"36":{"start":{"line":58,"column":23},"end":{"line":58,"column":40}},"37":{"start":{"line":59,"column":4},"end":{"line":59,"column":43}},"38":{"start":{"line":62,"column":10},"end":{"line":64,"column":3}},"39":{"start":{"line":63,"column":4},"end":{"line":63,"column":66}},"40":{"start":{"line":65,"column":0},"end":{"line":65,"column":1}}},"fnMap":{"0":{"name":"(anonymous_2)","decl":{"start":{"line":3,"column":0},"end":{"line":null,"column":-1}},"loc":{"start":{"line":3,"column":0},"end":{"line":3,"column":-1}}},"1":{"name":"Edge","decl":{"start":{"line":8,"column":2},"end":{"line":8,"column":13}},"loc":{"start":{"line":8,"column":77},"end":{"line":17,"column":3}}},"2":{"name":"(anonymous_4)","decl":{"start":{"line":19,"column":2},"end":{"line":null,"column":-1}},"loc":{"start":{"line":19,"column":2},"end":{"line":21,"column":3}}},"3":{"name":"(anonymous_5)","decl":{"start":{"line":23,"column":2},"end":{"line":null,"column":-1}},"loc":{"start":{"line":23,"column":2},"end":{"line":36,"column":3}}},"4":{"name":"(anonymous_6)","decl":{"start":{"line":38,"column":2},"end":{"line":38,"column":25}},"loc":{"start":{"line":38,"column":46},"end":{"line":48,"column":3}}},"5":{"name":"(anonymous_7)","decl":{"start":{"line":50,"column":2},"end":{"line":null,"column":-1}},"loc":{"start":{"line":50,"column":2},"end":{"line":54,"column":3}}},"6":{"name":"(anonymous_8)","decl":{"start":{"line":51,"column":47},"end":{"line":51,"column":47}},"loc":{"start":{"line":51,"column":58},"end":{"line":53,"column":5}}},"7":{"name":"(anonymous_9)","decl":{"start":{"line":56,"column":2},"end":{"line":56,"column":32}},"loc":{"start":{"line":56,"column":49},"end":{"line":60,"column":3}}},"8":{"name":"(anonymous_10)","decl":{"start":{"line":62,"column":2},"end":{"line":62,"column":24}},"loc":{"start":{"line":62,"column":48},"end":{"line":64,"column":3}}}},"branchMap":{"0":{"loc":{"start":{"line":9,"column":4},"end":{"line":13,"column":5}},"type":"if","locations":[{"start":{"line":9,"column":4},"end":{"line":13,"column":5}},{"start":{"line":9,"column":4},"end":{"line":13,"column":5}}]},"1":{"loc":{"start":{"line":27,"column":6},"end":{"line":33,"column":7}},"type":"if","locations":[{"start":{"line":27,"column":6},"end":{"line":33,"column":7}},{"start":{"line":27,"column":6},"end":{"line":33,"column":7}}]},"2":{"loc":{"start":{"line":40,"column":4},"end":{"line":47,"column":5}},"type":"if","locations":[{"start":{"line":40,"column":4},"end":{"line":47,"column":5}},{"start":{"line":40,"column":4},"end":{"line":47,"column":5}}]},"3":{"loc":{"start":{"line":58,"column":4},"end":{"line":58,"column":42}},"type":"if","locations":[{"start":{"line":58,"column":4},"end":{"line":58,"column":42}},{"start":{"line":58,"column":4},"end":{"line":58,"column":42}}]}},"s":{"0":3,"1":3,"2":10,"3":5,"4":5,"5":10,"6":10,"7":10,"8":3,"9":10,"10":3,"11":0,"12":0,"13":0,"14":0,"15":0,"16":0,"17":0,"18":0,"19":0,"20":0,"21":3,"22":6,"23":6,"24":6,"25":6,"26":0,"27":0,"28":0,"29":3,"30":18,"31":18,"32":22,"33":3,"34":2,"35":2,"36":0,"37":2,"38":3,"39":24,"40":3},"f":{"0":3,"1":10,"2":10,"3":0,"4":6,"5":18,"6":22,"7":2,"8":24},"b":{"0":[5,5],"1":[0,0],"2":[6,0],"3":[0,2]}}
,"/Users/akateiva/xlab/repos/asset-graph-api/src/models/AssetGraph/Graph.ts": {"path":"/Users/akateiva/xlab/repos/asset-graph-api/src/models/AssetGraph/Graph.ts","statementMap":{"0":{"start":{"line":1,"column":0},"end":{"line":10,"column":16}},"1":{"start":{"line":12,"column":0},"end":{"line":71,"column":0}},"2":{"start":{"line":13,"column":10},"end":{"line":13,"column":85}},"3":{"start":{"line":14,"column":10},"end":{"line":14,"column":68}},"4":{"start":{"line":16,"column":9},"end":{"line":24,"column":3}},"5":{"start":{"line":16,"column":41},"end":{"line":16,"column":55}},"6":{"start":{"line":17,"column":17},"end":{"line":17,"column":48}},"7":{"start":{"line":18,"column":4},"end":{"line":22,"column":5}},"8":{"start":{"line":19,"column":6},"end":{"line":19,"column":33}},"9":{"start":{"line":20,"column":6},"end":{"line":20,"column":46}},"10":{"start":{"line":21,"column":6},"end":{"line":21,"column":77}},"11":{"start":{"line":23,"column":4},"end":{"line":23,"column":18}},"12":{"start":{"line":26,"column":9},"end":{"line":28,"column":3}},"13":{"start":{"line":27,"column":4},"end":{"line":27,"column":45}},"14":{"start":{"line":30,"column":9},"end":{"line":40,"column":3}},"15":{"start":{"line":30,"column":45},"end":{"line":30,"column":59}},"16":{"start":{"line":31,"column":15},"end":{"line":31,"column":74}},"17":{"start":{"line":32,"column":4},"end":{"line":38,"column":5}},"18":{"start":{"line":33,"column":6},"end":{"line":33,"column":34}},"19":{"start":{"line":34,"column":26},"end":{"line":34,"column":58}},"20":{"start":{"line":35,"column":6},"end":{"line":35,"column":43}},"21":{"start":{"line":36,"column":6},"end":{"line":36,"column":57}},"22":{"start":{"line":37,"column":6},"end":{"line":37,"column":102}},"23":{"start":{"line":39,"column":4},"end":{"line":39,"column":16}},"24":{"start":{"line":42,"column":9},"end":{"line":44,"column":3}},"25":{"start":{"line":43,"column":4},"end":{"line":43,"column":30}},"26":{"start":{"line":46,"column":9},"end":{"line":48,"column":3}},"27":{"start":{"line":47,"column":4},"end":{"line":47,"column":27}},"28":{"start":{"line":50,"column":9},"end":{"line":70,"column":3}},"29":{"start":{"line":52,"column":28},"end":{"line":54,"column":14}},"30":{"start":{"line":55,"column":30},"end":{"line":57,"column":14}},"31":{"start":{"line":59,"column":29},"end":{"line":59,"column":85}},"32":{"start":{"line":60,"column":4},"end":{"line":69,"column":7}},"33":{"start":{"line":71,"column":0},"end":{"line":71,"column":1}}},"fnMap":{"0":{"name":"(anonymous_0)","decl":{"start":{"line":12,"column":0},"end":{"line":null,"column":-1}},"loc":{"start":{"line":12,"column":0},"end":{"line":12,"column":-1}}},"1":{"name":"(anonymous_2)","decl":{"start":{"line":16,"column":2},"end":{"line":16,"column":25}},"loc":{"start":{"line":16,"column":55},"end":{"line":24,"column":3}}},"2":{"name":"(anonymous_3)","decl":{"start":{"line":26,"column":2},"end":{"line":26,"column":25}},"loc":{"start":{"line":26,"column":52},"end":{"line":28,"column":3}}},"3":{"name":"(anonymous_4)","decl":{"start":{"line":30,"column":2},"end":{"line":30,"column":16}},"loc":{"start":{"line":30,"column":59},"end":{"line":40,"column":3}}},"4":{"name":"(anonymous_5)","decl":{"start":{"line":42,"column":2},"end":{"line":null,"column":-1}},"loc":{"start":{"line":42,"column":2},"end":{"line":44,"column":3}}},"5":{"name":"(anonymous_6)","decl":{"start":{"line":46,"column":2},"end":{"line":null,"column":-1}},"loc":{"start":{"line":46,"column":2},"end":{"line":48,"column":3}}},"6":{"name":"(anonymous_7)","decl":{"start":{"line":50,"column":2},"end":{"line":50,"column":28}},"loc":{"start":{"line":50,"column":50},"end":{"line":70,"column":3}}}},"branchMap":{"0":{"loc":{"start":{"line":16,"column":41},"end":{"line":16,"column":55}},"type":"if","locations":[{"start":{"line":16,"column":41},"end":{"line":16,"column":55}},{"start":{"line":16,"column":41},"end":{"line":16,"column":55}}]},"1":{"loc":{"start":{"line":18,"column":4},"end":{"line":22,"column":5}},"type":"if","locations":[{"start":{"line":18,"column":4},"end":{"line":22,"column":5}},{"start":{"line":18,"column":4},"end":{"line":22,"column":5}}]},"2":{"loc":{"start":{"line":18,"column":8},"end":{"line":18,"column":15}},"type":"binary-expr","locations":[{"start":{"line":18,"column":8},"end":{"line":18,"column":15}},{"start":{"line":18,"column":19},"end":{"line":18,"column":25}}]},"3":{"loc":{"start":{"line":30,"column":45},"end":{"line":30,"column":59}},"type":"if","locations":[{"start":{"line":30,"column":45},"end":{"line":30,"column":59}},{"start":{"line":30,"column":45},"end":{"line":30,"column":59}}]},"4":{"loc":{"start":{"line":32,"column":4},"end":{"line":38,"column":5}},"type":"if","locations":[{"start":{"line":32,"column":4},"end":{"line":38,"column":5}},{"start":{"line":32,"column":4},"end":{"line":38,"column":5}}]},"5":{"loc":{"start":{"line":32,"column":8},"end":{"line":32,"column":13}},"type":"binary-expr","locations":[{"start":{"line":32,"column":8},"end":{"line":32,"column":13}},{"start":{"line":32,"column":17},"end":{"line":32,"column":23}}]}},"s":{"0":3,"1":3,"2":3,"3":3,"4":3,"5":14,"6":13,"7":13,"8":6,"9":6,"10":6,"11":13,"12":3,"13":8,"14":3,"15":6,"16":6,"17":6,"18":5,"19":5,"20":5,"21":5,"22":5,"23":6,"24":3,"25":0,"26":3,"27":0,"28":3,"29":6,"30":6,"31":6,"32":6,"33":3},"f":{"0":6,"1":13,"2":8,"3":6,"4":0,"5":0,"6":6},"b":{"0":[1,12],"1":[6,7],"2":[13,6],"3":[0,6],"4":[5,1],"5":[6,5]}}
,"/Users/akateiva/xlab/repos/asset-graph-api/src/models/AssetGraph/Transition.ts": {"path":"/Users/akateiva/xlab/repos/asset-graph-api/src/models/AssetGraph/Transition.ts","statementMap":{"0":{"start":{"line":3,"column":0},"end":{"line":29,"column":0}},"1":{"start":{"line":5,"column":21},"end":{"line":5,"column":33}},"2":{"start":{"line":5,"column":42},"end":{"line":5,"column":53}},"3":{"start":{"line":5,"column":62},"end":{"line":5,"column":72}},"4":{"start":{"line":5,"column":81},"end":{"line":5,"column":104}},"5":{"start":{"line":6,"column":4},"end":{"line":6,"column":83}},"6":{"start":{"line":10,"column":2},"end":{"line":20,"column":3}},"7":{"start":{"line":11,"column":4},"end":{"line":19,"column":5}},"8":{"start":{"line":13,"column":6},"end":{"line":13,"column":67}},"9":{"start":{"line":14,"column":11},"end":{"line":19,"column":5}},"10":{"start":{"line":16,"column":6},"end":{"line":16,"column":74}},"11":{"start":{"line":18,"column":6},"end":{"line":18,"column":45}},"12":{"start":{"line":22,"column":2},"end":{"line":28,"column":3}},"13":{"start":{"line":23,"column":4},"end":{"line":27,"column":5}},"14":{"start":{"line":24,"column":6},"end":{"line":24,"column":56}},"15":{"start":{"line":26,"column":6},"end":{"line":26,"column":40}},"16":{"start":{"line":29,"column":0},"end":{"line":29,"column":1}}},"fnMap":{"0":{"name":"(anonymous_0)","decl":{"start":{"line":3,"column":0},"end":{"line":null,"column":-1}},"loc":{"start":{"line":3,"column":0},"end":{"line":3,"column":-1}}},"1":{"name":"Transition","decl":{"start":{"line":5,"column":2},"end":{"line":5,"column":20}},"loc":{"start":{"line":5,"column":104},"end":{"line":7,"column":3}}},"2":{"name":"(anonymous_2)","decl":{"start":{"line":10,"column":2},"end":{"line":null,"column":-1}},"loc":{"start":{"line":10,"column":2},"end":{"line":20,"column":3}}},"3":{"name":"(anonymous_3)","decl":{"start":{"line":22,"column":2},"end":{"line":null,"column":-1}},"loc":{"start":{"line":22,"column":2},"end":{"line":28,"column":3}}}},"branchMap":{"0":{"loc":{"start":{"line":6,"column":66},"end":{"line":6,"column":73}},"type":"cond-expr","locations":[{"start":{"line":6,"column":66},"end":{"line":6,"column":73}},{"start":{"line":6,"column":76},"end":{"line":6,"column":82}}]},"1":{"loc":{"start":{"line":11,"column":4},"end":{"line":19,"column":5}},"type":"if","locations":[{"start":{"line":11,"column":4},"end":{"line":19,"column":5}},{"start":{"line":11,"column":4},"end":{"line":19,"column":5}}]},"2":{"loc":{"start":{"line":13,"column":13},"end":{"line":13,"column":37}},"type":"binary-expr","locations":[{"start":{"line":13,"column":13},"end":{"line":13,"column":37}},{"start":{"line":13,"column":41},"end":{"line":13,"column":66}}]},"3":{"loc":{"start":{"line":14,"column":11},"end":{"line":19,"column":5}},"type":"if","locations":[{"start":{"line":14,"column":11},"end":{"line":19,"column":5}},{"start":{"line":14,"column":11},"end":{"line":19,"column":5}}]},"4":{"loc":{"start":{"line":16,"column":19},"end":{"line":16,"column":43}},"type":"binary-expr","locations":[{"start":{"line":16,"column":19},"end":{"line":16,"column":43}},{"start":{"line":16,"column":47},"end":{"line":16,"column":72}}]},"5":{"loc":{"start":{"line":23,"column":4},"end":{"line":27,"column":5}},"type":"if","locations":[{"start":{"line":23,"column":4},"end":{"line":27,"column":5}},{"start":{"line":23,"column":4},"end":{"line":27,"column":5}}]}},"s":{"0":3,"1":24,"2":24,"3":24,"4":24,"5":24,"6":3,"7":19,"8":10,"9":9,"10":9,"11":0,"12":3,"13":5,"14":2,"15":3,"16":3},"f":{"0":3,"1":24,"2":19,"3":5},"b":{"0":[12,12],"1":[10,9],"2":[10,0],"3":[9,0],"4":[9,0],"5":[2,3]}}
,"/Users/akateiva/xlab/repos/asset-graph-api/src/models/AssetGraph/Vertex.ts": {"path":"/Users/akateiva/xlab/repos/asset-graph-api/src/models/AssetGraph/Vertex.ts","statementMap":{"0":{"start":{"line":3,"column":0},"end":{"line":40,"column":0}},"1":{"start":{"line":5,"column":9},"end":{"line":5,"column":28}},"2":{"start":{"line":8,"column":4},"end":{"line":8,"column":23}},"3":{"start":{"line":11,"column":9},"end":{"line":13,"column":3}},"4":{"start":{"line":12,"column":4},"end":{"line":12,"column":46}},"5":{"start":{"line":12,"column":36},"end":{"line":12,"column":44}},"6":{"start":{"line":15,"column":9},"end":{"line":21,"column":3}},"7":{"start":{"line":16,"column":39},"end":{"line":16,"column":41}},"8":{"start":{"line":17,"column":4},"end":{"line":19,"column":5}},"9":{"start":{"line":17,"column":20},"end":{"line":17,"column":19}},"10":{"start":{"line":18,"column":6},"end":{"line":18,"column":50}},"11":{"start":{"line":20,"column":4},"end":{"line":20,"column":23}},"12":{"start":{"line":40,"column":0},"end":{"line":40,"column":1}}},"fnMap":{"0":{"name":"(anonymous_4)","decl":{"start":{"line":3,"column":0},"end":{"line":null,"column":-1}},"loc":{"start":{"line":3,"column":0},"end":{"line":3,"column":-1}}},"1":{"name":"Vertex","decl":{"start":{"line":7,"column":2},"end":{"line":7,"column":13}},"loc":{"start":{"line":7,"column":27},"end":{"line":9,"column":3}}},"2":{"name":"(anonymous_6)","decl":{"start":{"line":11,"column":2},"end":{"line":null,"column":-1}},"loc":{"start":{"line":11,"column":2},"end":{"line":13,"column":3}}},"3":{"name":"(anonymous_7)","decl":{"start":{"line":12,"column":26},"end":{"line":12,"column":26}},"loc":{"start":{"line":12,"column":31},"end":{"line":12,"column":44}}},"4":{"name":"(anonymous_8)","decl":{"start":{"line":15,"column":2},"end":{"line":null,"column":-1}},"loc":{"start":{"line":15,"column":2},"end":{"line":21,"column":3}}}},"branchMap":{},"s":{"0":3,"1":6,"2":6,"3":3,"4":0,"5":0,"6":3,"7":8,"8":8,"9":18,"10":18,"11":8,"12":3},"f":{"0":3,"1":6,"2":0,"3":0,"4":8},"b":{}}
,"/Users/akateiva/xlab/repos/asset-graph-api/src/models/AssetGraph/index.ts": {"path":"/Users/akateiva/xlab/repos/asset-graph-api/src/models/AssetGraph/index.ts","statementMap":{"0":{"start":{"line":4,"column":0},"end":{"line":4,"column":38}},"1":{"start":{"line":5,"column":0},"end":{"line":5,"column":25}},"2":{"start":{"line":123,"column":2},"end":{"line":123,"column":6}},"3":{"start":{"line":6,"column":0},"end":{"line":6,"column":27}},"4":{"start":{"line":7,"column":0},"end":{"line":7,"column":29}},"5":{"start":{"line":122,"column":2},"end":{"line":122,"column":8}},"6":{"start":{"line":8,"column":0},"end":{"line":8,"column":37}},"7":{"start":{"line":126,"column":2},"end":{"line":126,"column":12}},"8":{"start":{"line":54,"column":31},"end":{"line":54,"column":42}},"9":{"start":{"line":124,"column":28},"end":{"line":124,"column":33}},"10":{"start":{"line":57,"column":2},"end":{"line":57,"column":48}},"11":{"start":{"line":58,"column":8},"end":{"line":58,"column":67}},"12":{"start":{"line":59,"column":8},"end":{"line":59,"column":72}},"13":{"start":{"line":60,"column":17},"end":{"line":94,"column":4}},"14":{"start":{"line":93,"column":4},"end":{"line":93,"column":55}},"15":{"start":{"line":60,"column":8},"end":{"line":94,"column":4}},"16":{"start":{"line":96,"column":2},"end":{"line":113,"column":3}},"17":{"start":{"line":98,"column":4},"end":{"line":98,"column":49}},"18":{"start":{"line":99,"column":4},"end":{"line":112,"column":9}},"19":{"start":{"line":105,"column":8},"end":{"line":105,"column":72}},"20":{"start":{"line":108,"column":8},"end":{"line":108,"column":45}},"21":{"start":{"line":111,"column":8},"end":{"line":111,"column":50}},"22":{"start":{"line":114,"column":2},"end":{"line":114,"column":14}},"23":{"start":{"line":55,"column":0},"end":{"line":115,"column":1}},"24":{"start":{"line":117,"column":15},"end":{"line":119,"column":2}},"25":{"start":{"line":125,"column":12},"end":{"line":125,"column":18}}},"fnMap":{"0":{"name":"attachToMongo","decl":{"start":{"line":55,"column":22},"end":{"line":55,"column":35}},"loc":{"start":{"line":55,"column":81},"end":{"line":115,"column":1}}},"1":{"name":"(anonymous_16)","decl":{"start":{"line":92,"column":14},"end":{"line":92,"column":14}},"loc":{"start":{"line":92,"column":36},"end":{"line":94,"column":3}}},"2":{"name":"(anonymous_17)","decl":{"start":{"line":104,"column":20},"end":{"line":104,"column":20}},"loc":{"start":{"line":104,"column":32},"end":{"line":106,"column":7}}},"3":{"name":"(anonymous_18)","decl":{"start":{"line":107,"column":19},"end":{"line":null,"column":-1}},"loc":{"start":{"line":107,"column":19},"end":{"line":109,"column":7}}},"4":{"name":"(anonymous_19)","decl":{"start":{"line":110,"column":19},"end":{"line":110,"column":19}},"loc":{"start":{"line":110,"column":23},"end":{"line":112,"column":7}}}},"branchMap":{"0":{"loc":{"start":{"line":96,"column":2},"end":{"line":113,"column":3}},"type":"if","locations":[{"start":{"line":96,"column":2},"end":{"line":113,"column":3}},{"start":{"line":96,"column":2},"end":{"line":113,"column":3}}]}},"s":{"0":3,"1":3,"2":3,"3":3,"4":3,"5":3,"6":3,"7":3,"8":3,"9":3,"10":1,"11":1,"12":1,"13":1,"14":5,"15":1,"16":1,"17":0,"18":0,"19":0,"20":0,"21":0,"22":1,"23":3,"24":3,"25":3},"f":{"0":1,"1":5,"2":0,"3":0,"4":0},"b":{"0":[0,1]}}
,"/Users/akateiva/xlab/repos/asset-graph-api/src/util/config.ts": {"path":"/Users/akateiva/xlab/repos/asset-graph-api/src/util/config.ts","statementMap":{"0":{"start":{"line":2,"column":0},"end":{"line":2,"column":25}},"1":{"start":{"line":4,"column":0},"end":{"line":4,"column":12}},"2":{"start":{"line":6,"column":0},"end":{"line":9,"column":3}},"3":{"start":{"line":11,"column":0},"end":{"line":11,"column":21}}},"fnMap":{},"branchMap":{},"s":{"0":3,"1":3,"2":3,"3":3},"f":{},"b":{}}
,"/Users/akateiva/xlab/repos/asset-graph-api/src/util/logger.ts": {"path":"/Users/akateiva/xlab/repos/asset-graph-api/src/util/logger.ts","statementMap":{"0":{"start":{"line":1,"column":0},"end":{"line":1,"column":23}},"1":{"start":{"line":2,"column":0},"end":{"line":2,"column":29}},"2":{"start":{"line":4,"column":15},"end":{"line":7,"column":2}},"3":{"start":{"line":9,"column":0},"end":{"line":9,"column":22}}},"fnMap":{},"branchMap":{},"s":{"0":3,"1":3,"2":3,"3":3},"f":{},"b":{}}
}
