TN:
SF:/Users/akateiva/xlab/repos/asset-graph-api/src/Server.ts
FN:9,(anonymous_14)
FN:18,Server
FN:25,(anonymous_16)
FN:31,(anonymous_17)
FN:42,(anonymous_20)
FN:47,(anonymous_23)
FNF:6
FNH:4
FNDA:1,(anonymous_14)
FNDA:1,Server
FNDA:0,(anonymous_16)
FNDA:1,(anonymous_17)
FNDA:0,(anonymous_20)
FNDA:1,(anonymous_23)
DA:1,1
DA:2,1
DA:3,1
DA:4,1
DA:5,1
DA:6,1
DA:7,1
DA:9,1
DA:12,1
DA:13,1
DA:18,1
DA:19,1
DA:20,1
DA:21,1
DA:22,1
DA:23,1
DA:24,1
DA:25,1
DA:26,0
DA:27,0
DA:31,1
DA:32,1
DA:33,1
DA:34,1
DA:35,1
DA:36,1
DA:37,1
DA:38,1
DA:39,1
DA:42,1
DA:43,0
DA:44,0
DA:47,1
DA:48,1
DA:49,1
DA:51,1
LF:36
LH:32
BRDA:18,0,0,0
BRDA:18,0,1,1
BRDA:19,1,0,1
BRDA:19,1,1,1
BRDA:20,2,0,1
BRDA:20,2,1,0
BRF:6
BRH:4
end_of_record
TN:
SF:/Users/akateiva/xlab/repos/asset-graph-api/src/__tests__/__fixtures__/EUR-LTL-USD-tickers.ts
FNF:0
FNH:0
DA:1,1
DA:60,1
LF:2
LH:2
BRF:0
BRH:0
end_of_record
TN:
SF:/Users/akateiva/xlab/repos/asset-graph-api/src/controllers/AssetGraph.controller.ts
FN:37,serializeCycle
FN:38,(anonymous_18)
FN:44,deserializeCycle
FN:68,makeCycle
FN:69,(anonymous_21)
FN:92,findCycles
FN:114,(anonymous_23)
FN:145,getOrdersInTransitionSellCurrency
FN:152,(anonymous_25)
FN:158,computeTransitionRevenue
FN:182,computeTotalRevenue
FN:183,(anonymous_28)
FN:190,sampleEndownments
FN:192,(anonymous_30)
FN:206,getCycle
FN:215,(anonymous_34)
FNF:16
FNH:6
FNDA:1,serializeCycle
FNDA:3,(anonymous_18)
FNDA:0,deserializeCycle
FNDA:1,makeCycle
FNDA:3,(anonymous_21)
FNDA:1,findCycles
FNDA:0,(anonymous_23)
FNDA:0,getOrdersInTransitionSellCurrency
FNDA:0,(anonymous_25)
FNDA:4,computeTransitionRevenue
FNDA:0,computeTotalRevenue
FNDA:0,(anonymous_28)
FNDA:0,sampleEndownments
FNDA:0,(anonymous_30)
FNDA:0,getCycle
FNDA:0,(anonymous_34)
DA:6,2
DA:7,2
DA:8,2
DA:10,2
DA:38,1
DA:39,3
DA:40,3
DA:45,0
DA:46,0
DA:47,0
DA:49,0
DA:50,0
DA:51,0
DA:52,0
DA:53,0
DA:54,0
DA:55,0
DA:56,0
DA:57,0
DA:59,0
DA:60,0
DA:61,0
DA:63,0
DA:65,0
DA:68,3
DA:69,1
DA:70,3
DA:79,3
DA:80,3
DA:81,3
DA:88,1
DA:92,2
DA:93,1
DA:94,1
DA:95,1
DA:96,1
DA:97,1
DA:102,1
DA:103,0
DA:105,1
DA:108,1
DA:109,0
DA:112,1
DA:113,1
DA:114,1
DA:115,0
DA:118,1
DA:119,3
DA:120,9
DA:121,9
DA:122,5
DA:124,10
DA:125,10
DA:126,10
DA:127,6
DA:129,4
DA:130,0
DA:132,4
DA:133,4
DA:134,1
DA:140,1
DA:141,1
DA:142,1
DA:147,0
DA:149,0
DA:152,0
DA:153,0
DA:158,2
DA:159,4
DA:160,4
DA:161,4
DA:162,4
DA:163,4
DA:164,4
DA:165,4
DA:166,4
DA:167,1
DA:168,1
DA:170,3
DA:171,3
DA:172,3
DA:173,3
DA:175,1
DA:177,4
DA:179,4
DA:183,0
DA:184,0
DA:185,0
DA:187,0
DA:191,0
DA:192,0
DA:194,0
DA:195,0
DA:197,0
DA:199,0
DA:206,2
DA:208,0
DA:209,0
DA:210,0
DA:213,0
DA:214,0
DA:215,0
DA:216,0
DA:218,0
DA:220,0
DA:223,0
LF:106
LH:61
BRDA:46,0,0,0
BRDA:46,0,1,0
BRDA:52,1,0,0
BRDA:52,1,1,0
BRDA:55,2,0,0
BRDA:55,2,1,0
BRDA:60,3,0,0
BRDA:60,3,1,0
BRDA:102,4,0,0
BRDA:102,4,1,1
BRDA:108,5,0,0
BRDA:108,5,1,1
BRDA:121,6,0,5
BRDA:121,6,1,4
BRDA:126,7,0,6
BRDA:126,7,1,4
BRDA:129,8,0,0
BRDA:129,8,1,4
BRDA:133,9,0,1
BRDA:133,9,1,3
BRDA:147,10,0,0
BRDA:147,10,1,0
BRDA:166,11,0,1
BRDA:166,11,1,3
BRDA:177,12,0,1
BRDA:177,12,1,3
BRDA:209,13,0,0
BRDA:209,13,1,0
BRF:28
BRH:13
end_of_record
TN:
SF:/Users/akateiva/xlab/repos/asset-graph-api/src/models/Orderbook.ts
FN:26,getExchangeModuleForTransition
FN:38,(anonymous_17)
FN:55,getMarketPairSymbolForTransition
FN:85,getOrderbookForTransition
FNF:4
FNH:0
FNDA:0,getExchangeModuleForTransition
FNDA:0,(anonymous_17)
FNDA:0,getMarketPairSymbolForTransition
FNDA:0,getOrderbookForTransition
DA:1,2
DA:2,2
DA:7,2
DA:23,2
DA:27,0
DA:30,0
DA:31,0
DA:34,0
DA:35,0
DA:36,0
DA:37,0
DA:38,0
DA:40,0
DA:41,0
DA:42,0
DA:43,0
DA:45,0
DA:46,0
DA:48,0
DA:49,0
DA:52,0
DA:59,0
DA:62,0
DA:63,0
DA:65,0
DA:66,0
DA:69,0
DA:70,0
DA:73,0
DA:74,0
DA:76,0
DA:77,0
DA:79,0
DA:81,0
DA:82,0
DA:85,2
DA:86,0
DA:87,0
DA:88,0
DA:89,0
LF:40
LH:5
BRDA:30,0,0,0
BRDA:30,0,1,0
BRDA:35,1,0,0
BRDA:35,1,1,0
BRDA:62,2,0,0
BRDA:62,2,1,0
BRDA:62,3,0,0
BRDA:62,3,1,0
BRDA:65,4,0,0
BRDA:65,4,1,0
BRDA:65,5,0,0
BRDA:65,5,1,0
BRDA:69,6,0,0
BRDA:69,6,1,0
BRDA:74,7,0,0
BRDA:74,7,1,0
BRF:16
BRH:0
end_of_record
TN:
SF:/Users/akateiva/xlab/repos/asset-graph-api/src/models/AssetGraph/Edge.ts
FN:3,(anonymous_2)
FN:8,Edge
FN:19,(anonymous_4)
FN:23,(anonymous_5)
FN:38,(anonymous_6)
FN:50,(anonymous_7)
FN:51,(anonymous_8)
FN:56,(anonymous_9)
FN:62,(anonymous_10)
FNF:9
FNH:8
FNDA:3,(anonymous_2)
FNDA:10,Edge
FNDA:10,(anonymous_4)
FNDA:0,(anonymous_5)
FNDA:6,(anonymous_6)
FNDA:18,(anonymous_7)
FNDA:22,(anonymous_8)
FNDA:2,(anonymous_9)
FNDA:24,(anonymous_10)
DA:1,3
DA:3,3
DA:9,10
DA:10,5
DA:12,5
DA:14,10
DA:15,10
DA:16,10
DA:19,3
DA:20,10
DA:23,3
DA:24,0
DA:25,0
DA:26,0
DA:27,0
DA:28,0
DA:29,0
DA:31,0
DA:32,0
DA:35,0
DA:38,3
DA:39,6
DA:40,6
DA:41,6
DA:42,6
DA:44,0
DA:45,0
DA:46,0
DA:50,18
DA:51,18
DA:52,22
DA:56,3
DA:57,2
DA:58,2
DA:59,2
DA:62,3
DA:63,24
DA:65,3
LF:38
LH:26
BRDA:9,0,0,5
BRDA:9,0,1,5
BRDA:27,1,0,0
BRDA:27,1,1,0
BRDA:40,2,0,6
BRDA:40,2,1,0
BRDA:58,3,0,0
BRDA:58,3,1,2
BRF:8
BRH:4
end_of_record
TN:
SF:/Users/akateiva/xlab/repos/asset-graph-api/src/models/AssetGraph/Graph.ts
FN:12,(anonymous_0)
FN:16,(anonymous_2)
FN:26,(anonymous_3)
FN:30,(anonymous_4)
FN:42,(anonymous_5)
FN:46,(anonymous_6)
FN:50,(anonymous_7)
FNF:7
FNH:5
FNDA:6,(anonymous_0)
FNDA:13,(anonymous_2)
FNDA:8,(anonymous_3)
FNDA:6,(anonymous_4)
FNDA:0,(anonymous_5)
FNDA:0,(anonymous_6)
FNDA:6,(anonymous_7)
DA:1,3
DA:12,3
DA:13,3
DA:14,3
DA:16,14
DA:17,13
DA:18,13
DA:19,6
DA:20,6
DA:21,6
DA:23,13
DA:26,3
DA:27,8
DA:30,6
DA:31,6
DA:32,6
DA:33,5
DA:34,5
DA:35,5
DA:36,5
DA:37,5
DA:39,6
DA:42,3
DA:43,0
DA:46,3
DA:47,0
DA:50,3
DA:52,6
DA:55,6
DA:59,6
DA:60,6
DA:71,3
LF:32
LH:30
BRDA:16,0,0,1
BRDA:16,0,1,12
BRDA:18,1,0,6
BRDA:18,1,1,7
BRDA:18,2,0,13
BRDA:18,2,1,6
BRDA:30,3,0,0
BRDA:30,3,1,6
BRDA:32,4,0,5
BRDA:32,4,1,1
BRDA:32,5,0,6
BRDA:32,5,1,5
BRF:12
BRH:11
end_of_record
TN:
SF:/Users/akateiva/xlab/repos/asset-graph-api/src/models/AssetGraph/Transition.ts
FN:3,(anonymous_0)
FN:5,Transition
FN:10,(anonymous_2)
FN:22,(anonymous_3)
FNF:4
FNH:4
FNDA:3,(anonymous_0)
FNDA:24,Transition
FNDA:19,(anonymous_2)
FNDA:5,(anonymous_3)
DA:3,3
DA:5,24
DA:6,24
DA:10,3
DA:11,19
DA:13,10
DA:14,9
DA:16,9
DA:18,0
DA:22,3
DA:23,5
DA:24,2
DA:26,3
DA:29,3
LF:14
LH:13
BRDA:6,0,0,12
BRDA:6,0,1,12
BRDA:11,1,0,10
BRDA:11,1,1,9
BRDA:13,2,0,10
BRDA:13,2,1,0
BRDA:14,3,0,9
BRDA:14,3,1,0
BRDA:16,4,0,9
BRDA:16,4,1,0
BRDA:23,5,0,2
BRDA:23,5,1,3
BRF:12
BRH:9
end_of_record
TN:
SF:/Users/akateiva/xlab/repos/asset-graph-api/src/models/AssetGraph/Vertex.ts
FN:3,(anonymous_4)
FN:7,Vertex
FN:11,(anonymous_6)
FN:12,(anonymous_7)
FN:15,(anonymous_8)
FNF:5
FNH:3
FNDA:3,(anonymous_4)
FNDA:6,Vertex
FNDA:0,(anonymous_6)
FNDA:0,(anonymous_7)
FNDA:8,(anonymous_8)
DA:3,3
DA:5,6
DA:8,6
DA:11,3
DA:12,0
DA:15,3
DA:16,8
DA:17,18
DA:18,18
DA:20,8
DA:40,3
LF:11
LH:10
BRF:0
BRH:0
end_of_record
TN:
SF:/Users/akateiva/xlab/repos/asset-graph-api/src/models/AssetGraph/index.ts
FN:55,attachToMongo
FN:92,(anonymous_16)
FN:104,(anonymous_17)
FN:107,(anonymous_18)
FN:110,(anonymous_19)
FNF:5
FNH:2
FNDA:1,attachToMongo
FNDA:5,(anonymous_16)
FNDA:0,(anonymous_17)
FNDA:0,(anonymous_18)
FNDA:0,(anonymous_19)
DA:4,3
DA:5,3
DA:6,3
DA:7,3
DA:8,3
DA:54,3
DA:55,3
DA:57,1
DA:58,1
DA:59,1
DA:60,1
DA:93,5
DA:96,1
DA:98,0
DA:99,0
DA:105,0
DA:108,0
DA:111,0
DA:114,1
DA:117,3
DA:122,3
DA:123,3
DA:124,3
DA:125,3
DA:126,3
LF:25
LH:20
BRDA:96,0,0,0
BRDA:96,0,1,1
BRF:2
BRH:1
end_of_record
TN:
SF:/Users/akateiva/xlab/repos/asset-graph-api/src/util/config.ts
FNF:0
FNH:0
DA:2,3
DA:4,3
DA:6,3
DA:11,3
LF:4
LH:4
BRF:0
BRH:0
end_of_record
TN:
SF:/Users/akateiva/xlab/repos/asset-graph-api/src/util/logger.ts
FNF:0
FNH:0
DA:1,3
DA:2,3
DA:4,3
DA:9,3
LF:4
LH:4
BRF:0
BRH:0
end_of_record
